\BOOKMARK [1][-]{section*.4}{\376\377\000N\000o\000t\000a\000t\000i\000o\000n}{}% 1
\BOOKMARK [1][-]{section*.5}{\376\377\000L\000i\000s\000t\000\040\000o\000f\000\040\000F\000i\000g\000u\000r\000e\000s}{}% 2
\BOOKMARK [1][-]{section.1}{\376\377\000I\000n\000t\000r\000o\000d\000u\000c\000t\000i\000o\000n}{}% 3
\BOOKMARK [2][-]{subsection.1.1}{\376\377\000M\000o\000t\000i\000v\000a\000t\000i\000o\000n}{section.1}% 4
\BOOKMARK [2][-]{subsection.1.2}{\376\377\000P\000r\000o\000b\000l\000e\000m\000\040\000D\000e\000f\000i\000n\000i\000t\000i\000o\000n}{section.1}% 5
\BOOKMARK [2][-]{subsection.1.3}{\376\377\000R\000e\000l\000a\000t\000e\000d\000\040\000W\000o\000r\000k\000s\000\040\000a\000n\000d\000\040\000S\000t\000a\000t\000e\000\040\000o\000f\000\040\000t\000h\000e\000\040\000A\000r\000t}{section.1}% 6
\BOOKMARK [1][-]{section.2}{\376\377\000T\000h\000e\000o\000r\000e\000t\000i\000c\000a\000l\000\040\000b\000a\000c\000k\000g\000r\000o\000u\000n\000d\000\040\000o\000n\000\040\000D\000i\000f\000f\000e\000r\000e\000n\000t\000i\000a\000l\000\040\000P\000r\000i\000v\000a\000c\000y}{}% 7
\BOOKMARK [2][-]{subsection.2.1}{\376\377\000D\000e\000f\000i\000n\000i\000n\000g\000\040\000d\000i\000f\000f\000e\000r\000e\000n\000t\000i\000a\000l\000\040\000p\000r\000i\000v\000a\000c\000y}{section.2}% 8
\BOOKMARK [2][-]{subsection.2.2}{\376\377\000I\000m\000p\000o\000r\000t\000a\000n\000t\000\040\000r\000e\000s\000u\000l\000t\000s\000\040\000f\000o\000r\000\040\000D\000i\000f\000f\000e\000r\000e\000n\000t\000i\000a\000l\000\040\000P\000r\000i\000v\000a\000c\000y}{section.2}% 9
\BOOKMARK [2][-]{subsection.2.3}{\376\377\000E\000x\000a\000m\000p\000l\000e\000\040\000o\000f\000\040\000D\000P\000-\000m\000e\000c\000h\000a\000n\000i\000s\000m\000:\000\040\000G\000a\000u\000s\000s\000i\000a\000n\000\040\000M\000e\000c\000h\000a\000n\000i\000s\000m}{section.2}% 10
\BOOKMARK [1][-]{section.3}{\376\377\000\050\000T\000i\000m\000e\000\040\000S\000e\000r\000i\000e\000s\000\051\000\040\000D\000a\000t\000a\000\040\000g\000e\000n\000e\000r\000a\000t\000i\000o\000n}{}% 11
\BOOKMARK [2][-]{subsection.3.1}{\376\377\000O\000v\000e\000r\000v\000i\000e\000w}{section.3}% 12
\BOOKMARK [2][-]{subsection.3.2}{\376\377\000D\000P\000-\000M\000E\000R\000F}{section.3}% 13
\BOOKMARK [3][-]{subsubsection.3.2.1}{\376\377\000M\000a\000x\000i\000m\000u\000m\000\040\000M\000e\000a\000n\000\040\000D\000i\000s\000c\000r\000e\000p\000a\000n\000c\000y}{subsection.3.2}% 14
\BOOKMARK [3][-]{subsubsection.3.2.2}{\376\377\000R\000a\000n\000d\000o\000m\000\040\000F\000o\000u\000r\000i\000e\000r\000\040\000F\000e\000a\000t\000u\000r\000e\000s}{subsection.3.2}% 15
\BOOKMARK [3][-]{subsubsection.3.2.3}{\376\377\000V\000a\000n\000i\000l\000l\000a\000\040\000D\000P\000-\000M\000E\000R\000F}{subsection.3.2}% 16
\BOOKMARK [2][-]{subsection.3.3}{\376\377\000G\000A\000N\000\040\000b\000a\000s\000e\000d}{section.3}% 17
\BOOKMARK [1][-]{section.4}{\376\377\000M\000o\000d\000e\000l\000s}{}% 18
\BOOKMARK [2][-]{subsection.4.1}{\376\377\000A\000E\000-\000D\000P\000M\000E\000R\000F}{section.4}% 19
\BOOKMARK [2][-]{subsection.4.2}{\376\377\000R\000T\000S\000G\000A\000N}{section.4}% 20
\BOOKMARK [1][-]{section.5}{\376\377\000E\000x\000p\000e\000r\000i\000m\000e\000n\000t}{}% 21
\BOOKMARK [2][-]{subsection.5.1}{\376\377\000E\000x\000p\000e\000r\000i\000m\000e\000n\000t\000\040\000s\000e\000t\000u\000p}{section.5}% 22
\BOOKMARK [2][-]{subsection.5.2}{\376\377\000B\000a\000s\000e\000l\000i\000n\000e\000\040\000M\000o\000d\000e\000l}{section.5}% 23
\BOOKMARK [2][-]{subsection.5.3}{\376\377\000D\000a\000t\000a\000\040\000g\000e\000n\000e\000r\000a\000t\000i\000o\000n}{section.5}% 24
\BOOKMARK [2][-]{subsection.5.4}{\376\377\000P\000r\000i\000v\000a\000t\000e\000\040\000D\000a\000t\000a\000\040\000G\000e\000n\000e\000r\000a\000t\000i\000o\000n}{section.5}% 25
\BOOKMARK [2][-]{subsection.5.5}{\376\377\000P\000o\000l\000l\000u\000t\000e\000d\000\040\000D\000a\000t\000a\000\040\000S\000e\000t}{section.5}% 26
\BOOKMARK [2][-]{subsection.5.6}{\376\377\000R\000e\000s\000u\000l\000t\000s}{section.5}% 27
\BOOKMARK [1][-]{section.6}{\376\377\000D\000i\000s\000c\000u\000s\000s\000i\000o\000n}{}% 28
\BOOKMARK [1][-]{section.7}{\376\377\000O\000u\000t\000r\000o}{}% 29
\BOOKMARK [2][-]{subsection.7.1}{\376\377\000F\000u\000t\000u\000r\000e\000\040\000W\000o\000r\000k\000s}{section.7}% 30
\BOOKMARK [2][-]{subsection.7.2}{\376\377\000C\000o\000n\000c\000l\000u\000s\000i\000o\000n}{section.7}% 31
\BOOKMARK [1][-]{section*.12}{\376\377\000A\000p\000p\000e\000n\000d\000i\000x}{}% 32
\BOOKMARK [1][-]{section*.13}{\376\377\000R\000e\000f\000e\000r\000e\000n\000c\000e\000s}{}% 33
